{"level":"info","message":"demo metrics loop started","service":"go-monitor-demo","ts":"2026-05-14T22:57:51Z"}
{"level":"info","message":"application server starting","service":"go-monitor-demo","ts":"2026-05-14T22:57:51Z"}
{"level":"info","message":"metrics server starting","service":"go-monitor-demo","ts":"2026-05-14T22:57:51Z"}
{"level":"info","message":"heartbeat tick","service":"go-monitor-demo","uptime_sec":10,"ts":"2026-05-14T22:58:01Z"}
{"level":"info","message":"heartbeat tick","service":"go-monitor-demo","uptime_sec":20,"ts":"2026-05-14T22:58:11Z"}
{"level":"info","message":"heartbeat tick","service":"go-monitor-demo","uptime_sec":30,"ts":"2026-05-14T22:58:21Z"}
{"level":"info","message":"heartbeat tick","service":"go-monitor-demo","uptime_sec":40,"ts":"2026-05-14T22:58:31Z"}
{"level":"info","message":"heartbeat tick","service":"go-monitor-demo","uptime_sec":50,"ts":"2026-05-14T22:58:41Z"}
{"level":"info","message":"heartbeat tick","service":"go-monitor-demo","uptime_sec":60,"ts":"2026-05-14T22:58:51Z"}
{"level":"info","message":"heartbeat tick","service":"go-monitor-demo","uptime_sec":70,"ts":"2026-05-14T22:59:01Z"}
{"level":"info","message":"heartbeat tick","service":"go-monitor-demo","uptime_sec":80,"ts":"2026-05-14T22:59:11Z"}
{"level":"info","message":"heartbeat tick","service":"go-monitor-demo","uptime_sec":90,"ts":"2026-05-14T22:59:21Z"}
{"level":"info","message":"heartbeat tick","service":"go-monitor-demo","uptime_sec":100,"ts":"2026-05-14T22:59:31Z"}
{"level":"info","message":"heartbeat tick","service":"go-monitor-demo","uptime_sec":110,"ts":"2026-05-14T22:59:41Z"}
{"level":"info","message":"heartbeat tick","service":"go-monitor-demo","uptime_sec":120,"ts":"2026-05-14T22:59:51Z"}
{"level":"info","message":"heartbeat tick","service":"go-monitor-demo","uptime_sec":130,"ts":"2026-05-14T23:00:01Z"}
{"level":"info","message":"heartbeat tick","service":"go-monitor-demo","uptime_sec":140,"ts":"2026-05-14T23:00:11Z"}
{"level":"info","message":"heartbeat tick","service":"go-monitor-demo","uptime_sec":150,"ts":"2026-05-14T23:00:25Z"}
{"level":"info","message":"heartbeat tick","service":"go-monitor-demo","uptime_sec":160,"ts":"2026-05-14T23:00:35Z"}
{"level":"info","message":"heartbeat tick","service":"go-monitor-demo","uptime_sec":170,"ts":"2026-05-14T23:00:45Z"}
{"level":"info","message":"heartbeat tick","service":"go-monitor-demo","uptime_sec":180,"ts":"2026-05-14T23:00:56Z"}
{"level":"info","message":"heartbeat tick","service":"go-monitor-demo","uptime_sec":190,"ts":"2026-05-14T23:01:06Z"}
{"level":"info","message":"heartbeat tick","service":"go-monitor-demo","uptime_sec":200,"ts":"2026-05-14T23:01:16Z"}
{"level":"info","message":"heartbeat tick","service":"go-monitor-demo","uptime_sec":210,"ts":"2026-05-14T23:01:26Z"}
{"level":"info","message":"heartbeat tick","service":"go-monitor-demo","uptime_sec":220,"ts":"2026-05-14T23:01:36Z"}
{"level":"info","message":"heartbeat tick","service":"go-monitor-demo","uptime_sec":230,"ts":"2026-05-14T23:01:46Z"}
{"level":"info","message":"heartbeat tick","service":"go-monitor-demo","uptime_sec":240,"ts":"2026-05-14T23:01:56Z"}
{"level":"info","message":"heartbeat tick","service":"go-monitor-demo","uptime_sec":250,"ts":"2026-05-14T23:02:06Z"}
{"level":"info","message":"heartbeat tick","service":"go-monitor-demo","uptime_sec":260,"ts":"2026-05-14T23:02:16Z"}
{"level":"info","message":"heartbeat tick","service":"go-monitor-demo","uptime_sec":270,"ts":"2026-05-14T23:02:26Z"}
{"level":"info","message":"heartbeat tick","service":"go-monitor-demo","uptime_sec":280,"ts":"2026-05-14T23:02:36Z"}
{"level":"info","message":"heartbeat tick","service":"go-monitor-demo","uptime_sec":290,"ts":"2026-05-14T23:02:46Z"}
{"level":"info","message":"heartbeat tick","service":"go-monitor-demo","uptime_sec":300,"ts":"2026-05-14T23:02:56Z"}
{"level":"info","message":"heartbeat tick","service":"go-monitor-demo","uptime_sec":310,"ts":"2026-05-14T23:03:06Z"}
{"level":"info","message":"heartbeat tick","service":"go-monitor-demo","uptime_sec":320,"ts":"2026-05-14T23:03:16Z"}
{"level":"info","message":"heartbeat tick","service":"go-monitor-demo","uptime_sec":330,"ts":"2026-05-14T23:03:26Z"}
{"level":"info","message":"heartbeat tick","service":"go-monitor-demo","uptime_sec":340,"ts":"2026-05-14T23:03:41Z"}
{"level":"info","message":"heartbeat tick","service":"go-monitor-demo","uptime_sec":350,"ts":"2026-05-14T23:03:51Z"}
{"level":"info","message":"heartbeat tick","service":"go-monitor-demo","uptime_sec":360,"ts":"2026-05-14T23:04:01Z"}
{"level":"info","message":"heartbeat tick","service":"go-monitor-demo","uptime_sec":370,"ts":"2026-05-14T23:04:12Z"}
{"level":"info","message":"heartbeat tick","service":"go-monitor-demo","uptime_sec":380,"ts":"2026-05-14T23:04:22Z"}
{"level":"info","message":"heartbeat tick","service":"go-monitor-demo","uptime_sec":390,"ts":"2026-05-14T23:04:32Z"}
{"level":"info","message":"heartbeat tick","service":"go-monitor-demo","uptime_sec":400,"ts":"2026-05-14T23:04:42Z"}
{"level":"info","message":"heartbeat tick","service":"go-monitor-demo","uptime_sec":410,"ts":"2026-05-14T23:04:52Z"}
{"level":"info","message":"heartbeat tick","service":"go-monitor-demo","uptime_sec":420,"ts":"2026-05-14T23:05:06Z"}
{"level":"info","message":"heartbeat tick","service":"go-monitor-demo","uptime_sec":430,"ts":"2026-05-14T23:05:16Z"}
{"level":"info","message":"heartbeat tick","service":"go-monitor-demo","uptime_sec":440,"ts":"2026-05-14T23:05:26Z"}
{"level":"info","message":"heartbeat tick","service":"go-monitor-demo","uptime_sec":450,"ts":"2026-05-14T23:05:36Z"}
{"level":"info","message":"heartbeat tick","service":"go-monitor-demo","uptime_sec":460,"ts":"2026-05-14T23:05:49Z"}
{"level":"info","message":"heartbeat tick","service":"go-monitor-demo","uptime_sec":470,"ts":"2026-05-14T23:05:59Z"}
{"level":"info","message":"heartbeat tick","service":"go-monitor-demo","uptime_sec":480,"ts":"2026-05-14T23:06:09Z"}
{"level":"info","message":"heartbeat tick","service":"go-monitor-demo","uptime_sec":490,"ts":"2026-05-14T23:06:19Z"}
{"level":"info","message":"heartbeat tick","service":"go-monitor-demo","uptime_sec":500,"ts":"2026-05-14T23:06:29Z"}
{"level":"info","message":"heartbeat tick","service":"go-monitor-demo","uptime_sec":510,"ts":"2026-05-14T23:06:39Z"}
{"level":"info","message":"heartbeat tick","service":"go-monitor-demo","uptime_sec":520,"ts":"2026-05-14T23:06:49Z"}
{"level":"info","message":"heartbeat tick","service":"go-monitor-demo","uptime_sec":530,"ts":"2026-05-14T23:07:04Z"}
{"level":"info","message":"heartbeat tick","service":"go-monitor-demo","uptime_sec":540,"ts":"2026-05-14T23:07:14Z"}
{"level":"info","message":"heartbeat tick","service":"go-monitor-demo","uptime_sec":550,"ts":"2026-05-14T23:07:24Z"}
{"level":"info","message":"heartbeat tick","service":"go-monitor-demo","uptime_sec":560,"ts":"2026-05-14T23:07:34Z"}
{"level":"info","message":"heartbeat tick","service":"go-monitor-demo","uptime_sec":570,"ts":"2026-05-14T23:07:44Z"}
{"level":"info","message":"heartbeat tick","service":"go-monitor-demo","uptime_sec":580,"ts":"2026-05-14T23:07:54Z"}
{"level":"info","message":"heartbeat tick","service":"go-monitor-demo","uptime_sec":590,"ts":"2026-05-14T23:08:04Z"}
{"level":"info","message":"heartbeat tick","service":"go-monitor-demo","uptime_sec":600,"ts":"2026-05-14T23:08:14Z"}
{"level":"info","message":"heartbeat tick","service":"go-monitor-demo","uptime_sec":610,"ts":"2026-05-14T23:08:24Z"}
{"level":"info","message":"heartbeat tick","service":"go-monitor-demo","uptime_sec":620,"ts":"2026-05-14T23:08:34Z"}
{"level":"info","message":"heartbeat tick","service":"go-monitor-demo","uptime_sec":630,"ts":"2026-05-14T23:08:44Z"}
{"level":"info","message":"heartbeat tick","service":"go-monitor-demo","uptime_sec":640,"ts":"2026-05-14T23:08:54Z"}
{"level":"info","message":"heartbeat tick","service":"go-monitor-demo","uptime_sec":650,"ts":"2026-05-14T23:09:04Z"}
{"level":"info","message":"heartbeat tick","service":"go-monitor-demo","uptime_sec":660,"ts":"2026-05-14T23:09:18Z"}
{"level":"info","message":"heartbeat tick","service":"go-monitor-demo","uptime_sec":670,"ts":"2026-05-14T23:09:28Z"}
{"level":"info","message":"heartbeat tick","service":"go-monitor-demo","uptime_sec":680,"ts":"2026-05-14T23:09:38Z"}
{"level":"info","message":"heartbeat tick","service":"go-monitor-demo","uptime_sec":690,"ts":"2026-05-14T23:09:49Z"}
{"level":"info","message":"heartbeat tick","service":"go-monitor-demo","uptime_sec":700,"ts":"2026-05-14T23:09:59Z"}
{"level":"info","message":"heartbeat tick","service":"go-monitor-demo","uptime_sec":710,"ts":"2026-05-14T23:10:09Z"}
{"level":"info","message":"heartbeat tick","service":"go-monitor-demo","uptime_sec":720,"ts":"2026-05-14T23:10:19Z"}
{"level":"info","message":"heartbeat tick","service":"go-monitor-demo","uptime_sec":730,"ts":"2026-05-14T23:10:29Z"}
{"level":"info","message":"heartbeat tick","service":"go-monitor-demo","uptime_sec":740,"ts":"2026-05-14T23:10:39Z"}
{"level":"info","message":"heartbeat tick","service":"go-monitor-demo","uptime_sec":750,"ts":"2026-05-14T23:10:49Z"}
{"level":"info","message":"heartbeat tick","service":"go-monitor-demo","uptime_sec":760,"ts":"2026-05-14T23:11:04Z"}
{"level":"info","message":"heartbeat tick","service":"go-monitor-demo","uptime_sec":770,"ts":"2026-05-14T23:11:14Z"}
{"level":"info","message":"heartbeat tick","service":"go-monitor-demo","uptime_sec":780,"ts":"2026-05-14T23:11:24Z"}
{"level":"info","message":"heartbeat tick","service":"go-monitor-demo","uptime_sec":790,"ts":"2026-05-14T23:11:36Z"}
{"level":"info","message":"heartbeat tick","service":"go-monitor-demo","uptime_sec":800,"ts":"2026-05-14T23:11:46Z"}
{"level":"info","message":"heartbeat tick","service":"go-monitor-demo","uptime_sec":810,"ts":"2026-05-14T23:11:56Z"}
{"level":"info","message":"heartbeat tick","service":"go-monitor-demo","uptime_sec":820,"ts":"2026-05-14T23:12:08Z"}
{"level":"info","message":"heartbeat tick","service":"go-monitor-demo","uptime_sec":830,"ts":"2026-05-14T23:12:18Z"}
{"level":"info","message":"heartbeat tick","service":"go-monitor-demo","uptime_sec":840,"ts":"2026-05-14T23:12:28Z"}
{"level":"info","message":"heartbeat tick","service":"go-monitor-demo","uptime_sec":850,"ts":"2026-05-14T23:12:38Z"}
{"level":"info","message":"heartbeat tick","service":"go-monitor-demo","uptime_sec":860,"ts":"2026-05-14T23:12:48Z"}
{"level":"info","message":"heartbeat tick","service":"go-monitor-demo","uptime_sec":870,"ts":"2026-05-14T23:12:58Z"}
{"level":"info","message":"heartbeat tick","service":"go-monitor-demo","uptime_sec":880,"ts":"2026-05-14T23:13:08Z"}
{"level":"info","message":"heartbeat tick","service":"go-monitor-demo","uptime_sec":890,"ts":"2026-05-14T23:13:23Z"}
{"level":"info","message":"heartbeat tick","service":"go-monitor-demo","uptime_sec":900,"ts":"2026-05-14T23:13:33Z"}
{"level":"info","message":"heartbeat tick","service":"go-monitor-demo","uptime_sec":910,"ts":"2026-05-14T23:13:43Z"}
{"level":"info","message":"heartbeat tick","service":"go-monitor-demo","uptime_sec":920,"ts":"2026-05-14T23:13:53Z"}
{"level":"info","message":"heartbeat tick","service":"go-monitor-demo","uptime_sec":930,"ts":"2026-05-14T23:14:03Z"}
{"level":"info","message":"heartbeat tick","service":"go-monitor-demo","uptime_sec":940,"ts":"2026-05-14T23:14:13Z"}
{"level":"info","message":"heartbeat tick","service":"go-monitor-demo","uptime_sec":950,"ts":"2026-05-14T23:14:23Z"}
{"level":"info","message":"heartbeat tick","service":"go-monitor-demo","uptime_sec":960,"ts":"2026-05-14T23:14:33Z"}
{"level":"info","message":"heartbeat tick","service":"go-monitor-demo","uptime_sec":970,"ts":"2026-05-14T23:14:43Z"}
{"level":"info","message":"heartbeat tick","service":"go-monitor-demo","uptime_sec":980,"ts":"2026-05-14T23:14:53Z"}
{"level":"info","message":"heartbeat tick","service":"go-monitor-demo","uptime_sec":990,"ts":"2026-05-14T23:15:03Z"}
{"level":"info","message":"heartbeat tick","service":"go-monitor-demo","uptime_sec":1000,"ts":"2026-05-14T23:15:13Z"}
{"level":"info","message":"heartbeat tick","service":"go-monitor-demo","uptime_sec":1010,"ts":"2026-05-14T23:15:23Z"}
{"level":"info","message":"heartbeat tick","service":"go-monitor-demo","uptime_sec":1020,"ts":"2026-05-14T23:15:33Z"}
{"level":"info","message":"heartbeat tick","service":"go-monitor-demo","uptime_sec":1030,"ts":"2026-05-14T23:15:43Z"}
{"level":"info","message":"heartbeat tick","service":"go-monitor-demo","uptime_sec":1040,"ts":"2026-05-14T23:15:58Z"}
{"level":"info","message":"heartbeat tick","service":"go-monitor-demo","uptime_sec":1050,"ts":"2026-05-14T23:16:08Z"}
{"level":"info","message":"heartbeat tick","service":"go-monitor-demo","uptime_sec":1060,"ts":"2026-05-14T23:16:18Z"}
{"level":"info","message":"heartbeat tick","service":"go-monitor-demo","uptime_sec":1070,"ts":"2026-05-14T23:16:28Z"}
{"level":"info","message":"heartbeat tick","service":"go-monitor-demo","uptime_sec":1080,"ts":"2026-05-14T23:16:38Z"}
{"level":"info","message":"heartbeat tick","service":"go-monitor-demo","uptime_sec":1090,"ts":"2026-05-14T23:16:50Z"}
{"level":"info","message":"heartbeat tick","service":"go-monitor-demo","uptime_sec":1100,"ts":"2026-05-14T23:17:00Z"}
{"level":"info","message":"heartbeat tick","service":"go-monitor-demo","uptime_sec":1110,"ts":"2026-05-14T23:17:10Z"}
{"level":"info","message":"heartbeat tick","service":"go-monitor-demo","uptime_sec":1120,"ts":"2026-05-14T23:17:20Z"}
{"level":"info","message":"heartbeat tick","service":"go-monitor-demo","uptime_sec":1130,"ts":"2026-05-14T23:17:30Z"}
{"level":"info","message":"heartbeat tick","service":"go-monitor-demo","uptime_sec":1140,"ts":"2026-05-14T23:17:40Z"}
{"level":"info","message":"heartbeat tick","service":"go-monitor-demo","uptime_sec":1150,"ts":"2026-05-14T23:17:50Z"}
{"level":"info","message":"heartbeat tick","service":"go-monitor-demo","uptime_sec":1160,"ts":"2026-05-14T23:18:00Z"}
{"level":"info","message":"heartbeat tick","service":"go-monitor-demo","uptime_sec":1170,"ts":"2026-05-14T23:18:10Z"}
{"level":"info","message":"heartbeat tick","service":"go-monitor-demo","uptime_sec":1180,"ts":"2026-05-14T23:18:20Z"}
{"level":"info","message":"heartbeat tick","service":"go-monitor-demo","uptime_sec":1190,"ts":"2026-05-14T23:18:30Z"}
{"level":"info","message":"heartbeat tick","service":"go-monitor-demo","uptime_sec":1200,"ts":"2026-05-14T23:18:40Z"}
{"level":"info","message":"heartbeat tick","service":"go-monitor-demo","uptime_sec":1210,"ts":"2026-05-14T23:18:50Z"}
{"level":"info","message":"heartbeat tick","service":"go-monitor-demo","uptime_sec":1220,"ts":"2026-05-14T23:19:00Z"}
{"level":"info","message":"heartbeat tick","service":"go-monitor-demo","uptime_sec":1230,"ts":"2026-05-14T23:19:10Z"}
{"level":"info","message":"heartbeat tick","service":"go-monitor-demo","uptime_sec":1240,"ts":"2026-05-14T23:19:24Z"}
{"level":"info","message":"heartbeat tick","service":"go-monitor-demo","uptime_sec":1250,"ts":"2026-05-14T23:19:34Z"}
{"level":"info","message":"heartbeat tick","service":"go-monitor-demo","uptime_sec":1260,"ts":"2026-05-14T23:19:44Z"}
{"level":"info","message":"heartbeat tick","service":"go-monitor-demo","uptime_sec":1270,"ts":"2026-05-14T23:19:54Z"}
{"level":"info","message":"heartbeat tick","service":"go-monitor-demo","uptime_sec":1280,"ts":"2026-05-14T23:20:04Z"}
{"level":"info","message":"heartbeat tick","service":"go-monitor-demo","uptime_sec":1290,"ts":"2026-05-14T23:20:14Z"}
{"level":"info","message":"heartbeat tick","service":"go-monitor-demo","uptime_sec":1300,"ts":"2026-05-14T23:20:27Z"}
{"level":"info","message":"heartbeat tick","service":"go-monitor-demo","uptime_sec":1310,"ts":"2026-05-14T23:20:37Z"}
{"level":"info","message":"heartbeat tick","service":"go-monitor-demo","uptime_sec":1320,"ts":"2026-05-14T23:20:47Z"}
{"level":"info","message":"heartbeat tick","service":"go-monitor-demo","uptime_sec":1330,"ts":"2026-05-14T23:20:57Z"}
{"level":"info","message":"heartbeat tick","service":"go-monitor-demo","uptime_sec":1340,"ts":"2026-05-14T23:21:07Z"}
{"level":"info","message":"heartbeat tick","service":"go-monitor-demo","uptime_sec":1350,"ts":"2026-05-14T23:21:17Z"}
{"level":"info","message":"heartbeat tick","service":"go-monitor-demo","uptime_sec":1360,"ts":"2026-05-14T23:21:27Z"}
{"level":"info","message":"heartbeat tick","service":"go-monitor-demo","uptime_sec":1370,"ts":"2026-05-14T23:21:42Z"}
{"level":"info","message":"heartbeat tick","service":"go-monitor-demo","uptime_sec":1380,"ts":"2026-05-14T23:21:52Z"}
{"level":"info","message":"heartbeat tick","service":"go-monitor-demo","uptime_sec":1390,"ts":"2026-05-14T23:22:02Z"}
{"level":"info","message":"heartbeat tick","service":"go-monitor-demo","uptime_sec":1400,"ts":"2026-05-14T23:22:12Z"}
{"level":"info","message":"heartbeat tick","service":"go-monitor-demo","uptime_sec":1410,"ts":"2026-05-14T23:22:22Z"}
{"level":"info","message":"heartbeat tick","service":"go-monitor-demo","uptime_sec":1420,"ts":"2026-05-14T23:22:32Z"}
{"level":"info","message":"heartbeat tick","service":"go-monitor-demo","uptime_sec":1430,"ts":"2026-05-14T23:22:42Z"}
{"level":"info","message":"heartbeat tick","service":"go-monitor-demo","uptime_sec":1440,"ts":"2026-05-14T23:22:56Z"}
{"level":"info","message":"heartbeat tick","service":"go-monitor-demo","uptime_sec":1450,"ts":"2026-05-14T23:23:06Z"}
{"level":"info","message":"heartbeat tick","service":"go-monitor-demo","uptime_sec":1460,"ts":"2026-05-14T23:23:16Z"}
{"level":"info","message":"heartbeat tick","service":"go-monitor-demo","uptime_sec":1470,"ts":"2026-05-14T23:23:26Z"}
{"level":"info","message":"heartbeat tick","service":"go-monitor-demo","uptime_sec":1480,"ts":"2026-05-14T23:23:36Z"}
{"level":"info","message":"heartbeat tick","service":"go-monitor-demo","uptime_sec":1490,"ts":"2026-05-14T23:23:46Z"}
{"level":"info","message":"heartbeat tick","service":"go-monitor-demo","uptime_sec":1500,"ts":"2026-05-14T23:23:56Z"}
{"level":"info","message":"heartbeat tick","service":"go-monitor-demo","uptime_sec":1510,"ts":"2026-05-14T23:24:10Z"}
{"level":"info","message":"heartbeat tick","service":"go-monitor-demo","uptime_sec":1520,"ts":"2026-05-14T23:24:20Z"}
{"level":"info","message":"heartbeat tick","service":"go-monitor-demo","uptime_sec":1530,"ts":"2026-05-14T23:24:30Z"}
{"level":"info","message":"heartbeat tick","service":"go-monitor-demo","uptime_sec":1540,"ts":"2026-05-14T23:24:40Z"}
{"level":"info","message":"heartbeat tick","service":"go-monitor-demo","uptime_sec":1550,"ts":"2026-05-14T23:24:52Z"}
{"level":"info","message":"heartbeat tick","service":"go-monitor-demo","uptime_sec":1560,"ts":"2026-05-14T23:25:02Z"}
{"level":"info","message":"heartbeat tick","service":"go-monitor-demo","uptime_sec":1570,"ts":"2026-05-14T23:25:12Z"}
{"level":"info","message":"heartbeat tick","service":"go-monitor-demo","uptime_sec":1580,"ts":"2026-05-14T23:25:22Z"}
{"level":"info","message":"heartbeat tick","service":"go-monitor-demo","uptime_sec":1590,"ts":"2026-05-14T23:25:32Z"}
{"level":"info","message":"heartbeat tick","service":"go-monitor-demo","uptime_sec":1600,"ts":"2026-05-14T23:25:47Z"}
{"level":"info","message":"heartbeat tick","service":"go-monitor-demo","uptime_sec":1610,"ts":"2026-05-14T23:25:57Z"}
{"level":"info","message":"heartbeat tick","service":"go-monitor-demo","uptime_sec":1620,"ts":"2026-05-14T23:26:07Z"}
{"level":"info","message":"heartbeat tick","service":"go-monitor-demo","uptime_sec":1630,"ts":"2026-05-14T23:26:20Z"}
{"level":"info","message":"heartbeat tick","service":"go-monitor-demo","uptime_sec":1640,"ts":"2026-05-14T23:26:30Z"}
{"level":"info","message":"heartbeat tick","service":"go-monitor-demo","uptime_sec":1650,"ts":"2026-05-14T23:26:40Z"}
{"level":"info","message":"heartbeat tick","service":"go-monitor-demo","uptime_sec":1660,"ts":"2026-05-14T23:26:50Z"}
{"level":"info","message":"heartbeat tick","service":"go-monitor-demo","uptime_sec":1670,"ts":"2026-05-14T23:27:00Z"}
{"level":"info","message":"heartbeat tick","service":"go-monitor-demo","uptime_sec":1680,"ts":"2026-05-14T23:27:10Z"}
{"level":"info","message":"heartbeat tick","service":"go-monitor-demo","uptime_sec":1690,"ts":"2026-05-14T23:27:20Z"}
{"level":"info","message":"heartbeat tick","service":"go-monitor-demo","uptime_sec":1700,"ts":"2026-05-14T23:27:30Z"}
{"level":"info","message":"heartbeat tick","service":"go-monitor-demo","uptime_sec":1710,"ts":"2026-05-14T23:27:40Z"}
{"level":"info","message":"heartbeat tick","service":"go-monitor-demo","uptime_sec":1720,"ts":"2026-05-14T23:27:50Z"}
{"level":"info","message":"heartbeat tick","service":"go-monitor-demo","uptime_sec":1730,"ts":"2026-05-14T23:28:00Z"}
{"level":"info","message":"heartbeat tick","service":"go-monitor-demo","uptime_sec":1740,"ts":"2026-05-14T23:28:10Z"}
{"level":"info","message":"heartbeat tick","service":"go-monitor-demo","uptime_sec":1750,"ts":"2026-05-14T23:28:24Z"}
{"level":"info","message":"heartbeat tick","service":"go-monitor-demo","uptime_sec":1760,"ts":"2026-05-14T23:28:34Z"}
{"level":"info","message":"heartbeat tick","service":"go-monitor-demo","uptime_sec":1770,"ts":"2026-05-14T23:28:44Z"}
{"level":"info","message":"heartbeat tick","service":"go-monitor-demo","uptime_sec":1780,"ts":"2026-05-14T23:28:54Z"}
{"level":"info","message":"heartbeat tick","service":"go-monitor-demo","uptime_sec":1790,"ts":"2026-05-14T23:29:06Z"}
{"level":"info","message":"heartbeat tick","service":"go-monitor-demo","uptime_sec":1800,"ts":"2026-05-14T23:29:16Z"}
{"level":"info","message":"heartbeat tick","service":"go-monitor-demo","uptime_sec":1810,"ts":"2026-05-14T23:29:26Z"}
{"level":"info","message":"heartbeat tick","service":"go-monitor-demo","uptime_sec":1820,"ts":"2026-05-14T23:29:36Z"}
{"level":"info","message":"heartbeat tick","service":"go-monitor-demo","uptime_sec":1830,"ts":"2026-05-14T23:29:46Z"}
{"level":"info","message":"heartbeat tick","service":"go-monitor-demo","uptime_sec":1840,"ts":"2026-05-14T23:29:56Z"}
{"level":"info","message":"heartbeat tick","service":"go-monitor-demo","uptime_sec":1850,"ts":"2026-05-14T23:30:06Z"}
{"level":"info","message":"heartbeat tick","service":"go-monitor-demo","uptime_sec":1860,"ts":"2026-05-14T23:30:16Z"}
{"level":"info","message":"heartbeat tick","service":"go-monitor-demo","uptime_sec":1870,"ts":"2026-05-14T23:30:31Z"}
{"level":"info","message":"heartbeat tick","service":"go-monitor-demo","uptime_sec":1880,"ts":"2026-05-14T23:30:41Z"}
{"level":"info","message":"heartbeat tick","service":"go-monitor-demo","uptime_sec":1890,"ts":"2026-05-14T23:30:51Z"}
{"level":"info","message":"heartbeat tick","service":"go-monitor-demo","uptime_sec":1900,"ts":"2026-05-14T23:31:01Z"}
{"level":"info","message":"heartbeat tick","service":"go-monitor-demo","uptime_sec":1910,"ts":"2026-05-14T23:31:11Z"}
{"level":"info","message":"heartbeat tick","service":"go-monitor-demo","uptime_sec":1920,"ts":"2026-05-14T23:31:24Z"}
{"level":"info","message":"heartbeat tick","service":"go-monitor-demo","uptime_sec":1930,"ts":"2026-05-14T23:31:34Z"}
{"level":"info","message":"heartbeat tick","service":"go-monitor-demo","uptime_sec":1940,"ts":"2026-05-14T23:31:44Z"}
{"level":"info","message":"heartbeat tick","service":"go-monitor-demo","uptime_sec":1950,"ts":"2026-05-14T23:31:54Z"}
{"level":"info","message":"heartbeat tick","service":"go-monitor-demo","uptime_sec":1960,"ts":"2026-05-14T23:32:04Z"}
{"level":"info","message":"heartbeat tick","service":"go-monitor-demo","uptime_sec":1970,"ts":"2026-05-14T23:32:14Z"}
{"level":"info","message":"heartbeat tick","service":"go-monitor-demo","uptime_sec":1980,"ts":"2026-05-14T23:32:24Z"}
{"level":"info","message":"heartbeat tick","service":"go-monitor-demo","uptime_sec":1990,"ts":"2026-05-14T23:32:39Z"}
{"level":"info","message":"heartbeat tick","service":"go-monitor-demo","uptime_sec":2000,"ts":"2026-05-14T23:32:49Z"}
{"level":"info","message":"heartbeat tick","service":"go-monitor-demo","uptime_sec":2010,"ts":"2026-05-14T23:32:59Z"}
{"level":"info","message":"heartbeat tick","service":"go-monitor-demo","uptime_sec":2020,"ts":"2026-05-14T23:33:09Z"}
{"level":"info","message":"heartbeat tick","service":"go-monitor-demo","uptime_sec":2030,"ts":"2026-05-14T23:33:19Z"}
{"level":"info","message":"heartbeat tick","service":"go-monitor-demo","uptime_sec":2040,"ts":"2026-05-14T23:33:29Z"}
{"level":"info","message":"heartbeat tick","service":"go-monitor-demo","uptime_sec":2050,"ts":"2026-05-14T23:33:39Z"}
{"level":"info","message":"heartbeat tick","service":"go-monitor-demo","uptime_sec":2060,"ts":"2026-05-14T23:33:49Z"}
{"level":"info","message":"heartbeat tick","service":"go-monitor-demo","uptime_sec":2070,"ts":"2026-05-14T23:33:59Z"}
{"level":"info","message":"heartbeat tick","service":"go-monitor-demo","uptime_sec":2080,"ts":"2026-05-14T23:34:09Z"}
{"level":"info","message":"heartbeat tick","service":"go-monitor-demo","uptime_sec":2090,"ts":"2026-05-14T23:34:24Z"}
{"level":"info","message":"heartbeat tick","service":"go-monitor-demo","uptime_sec":2100,"ts":"2026-05-14T23:34:34Z"}
{"level":"info","message":"heartbeat tick","service":"go-monitor-demo","uptime_sec":2110,"ts":"2026-05-14T23:34:44Z"}
{"level":"info","message":"heartbeat tick","service":"go-monitor-demo","uptime_sec":2120,"ts":"2026-05-14T23:34:54Z"}
{"level":"info","message":"heartbeat tick","service":"go-monitor-demo","uptime_sec":2130,"ts":"2026-05-14T23:35:04Z"}
{"level":"info","message":"heartbeat tick","service":"go-monitor-demo","uptime_sec":2140,"ts":"2026-05-14T23:35:14Z"}
{"level":"info","message":"heartbeat tick","service":"go-monitor-demo","uptime_sec":2150,"ts":"2026-05-14T23:35:24Z"}
{"level":"info","message":"heartbeat tick","service":"go-monitor-demo","uptime_sec":2160,"ts":"2026-05-14T23:35:34Z"}
{"level":"info","message":"heartbeat tick","service":"go-monitor-demo","uptime_sec":2170,"ts":"2026-05-14T23:35:44Z"}
{"level":"info","message":"heartbeat tick","service":"go-monitor-demo","uptime_sec":2180,"ts":"2026-05-14T23:35:54Z"}
{"level":"info","message":"heartbeat tick","service":"go-monitor-demo","uptime_sec":2190,"ts":"2026-05-14T23:36:04Z"}
{"level":"info","message":"heartbeat tick","service":"go-monitor-demo","uptime_sec":2200,"ts":"2026-05-14T23:36:14Z"}
{"level":"info","message":"heartbeat tick","service":"go-monitor-demo","uptime_sec":2210,"ts":"2026-05-14T23:36:28Z"}
{"level":"info","message":"heartbeat tick","service":"go-monitor-demo","uptime_sec":2220,"ts":"2026-05-14T23:36:38Z"}
{"level":"info","message":"heartbeat tick","service":"go-monitor-demo","uptime_sec":2230,"ts":"2026-05-14T23:36:48Z"}
{"level":"info","message":"heartbeat tick","service":"go-monitor-demo","uptime_sec":2240,"ts":"2026-05-14T23:36:58Z"}
{"level":"info","message":"heartbeat tick","service":"go-monitor-demo","uptime_sec":2250,"ts":"2026-05-14T23:37:08Z"}
{"level":"info","message":"heartbeat tick","service":"go-monitor-demo","uptime_sec":2260,"ts":"2026-05-14T23:37:18Z"}
{"level":"info","message":"heartbeat tick","service":"go-monitor-demo","uptime_sec":2270,"ts":"2026-05-14T23:37:28Z"}
{"level":"info","message":"heartbeat tick","service":"go-monitor-demo","uptime_sec":2280,"ts":"2026-05-14T23:37:38Z"}
{"level":"info","message":"heartbeat tick","service":"go-monitor-demo","uptime_sec":2290,"ts":"2026-05-14T23:37:48Z"}
{"level":"info","message":"heartbeat tick","service":"go-monitor-demo","uptime_sec":2300,"ts":"2026-05-14T23:37:58Z"}
{"level":"info","message":"heartbeat tick","service":"go-monitor-demo","uptime_sec":2310,"ts":"2026-05-14T23:38:13Z"}
{"level":"info","message":"heartbeat tick","service":"go-monitor-demo","uptime_sec":2320,"ts":"2026-05-14T23:38:23Z"}
{"level":"info","message":"heartbeat tick","service":"go-monitor-demo","uptime_sec":2330,"ts":"2026-05-14T23:38:33Z"}
{"level":"info","message":"heartbeat tick","service":"go-monitor-demo","uptime_sec":2340,"ts":"2026-05-14T23:38:43Z"}
{"level":"info","message":"heartbeat tick","service":"go-monitor-demo","uptime_sec":2350,"ts":"2026-05-14T23:38:53Z"}
{"level":"info","message":"heartbeat tick","service":"go-monitor-demo","uptime_sec":2360,"ts":"2026-05-14T23:39:03Z"}
{"level":"info","message":"heartbeat tick","service":"go-monitor-demo","uptime_sec":2370,"ts":"2026-05-14T23:39:13Z"}
{"level":"info","message":"heartbeat tick","service":"go-monitor-demo","uptime_sec":2380,"ts":"2026-05-14T23:39:23Z"}
{"level":"info","message":"heartbeat tick","service":"go-monitor-demo","uptime_sec":2390,"ts":"2026-05-14T23:39:33Z"}
{"level":"info","message":"heartbeat tick","service":"go-monitor-demo","uptime_sec":2400,"ts":"2026-05-14T23:39:48Z"}
{"level":"info","message":"heartbeat tick","service":"go-monitor-demo","uptime_sec":2410,"ts":"2026-05-14T23:39:58Z"}
{"level":"info","message":"heartbeat tick","service":"go-monitor-demo","uptime_sec":2420,"ts":"2026-05-14T23:40:08Z"}
{"level":"info","message":"heartbeat tick","service":"go-monitor-demo","uptime_sec":2430,"ts":"2026-05-14T23:40:18Z"}
{"level":"info","message":"heartbeat tick","service":"go-monitor-demo","uptime_sec":2440,"ts":"2026-05-14T23:40:28Z"}
{"level":"info","message":"heartbeat tick","service":"go-monitor-demo","uptime_sec":2450,"ts":"2026-05-14T23:40:38Z"}
{"level":"info","message":"heartbeat tick","service":"go-monitor-demo","uptime_sec":2460,"ts":"2026-05-14T23:40:48Z"}
{"level":"info","message":"heartbeat tick","service":"go-monitor-demo","uptime_sec":2470,"ts":"2026-05-14T23:40:58Z"}
{"level":"info","message":"heartbeat tick","service":"go-monitor-demo","uptime_sec":2480,"ts":"2026-05-14T23:41:10Z"}
{"level":"info","message":"heartbeat tick","service":"go-monitor-demo","uptime_sec":2490,"ts":"2026-05-14T23:41:20Z"}
{"level":"info","message":"heartbeat tick","service":"go-monitor-demo","uptime_sec":2500,"ts":"2026-05-14T23:41:30Z"}
{"level":"info","message":"heartbeat tick","service":"go-monitor-demo","uptime_sec":2510,"ts":"2026-05-14T23:41:43Z"}
{"level":"info","message":"heartbeat tick","service":"go-monitor-demo","uptime_sec":2520,"ts":"2026-05-14T23:41:53Z"}
{"level":"info","message":"heartbeat tick","service":"go-monitor-demo","uptime_sec":2530,"ts":"2026-05-14T23:42:03Z"}
{"level":"info","message":"heartbeat tick","service":"go-monitor-demo","uptime_sec":2540,"ts":"2026-05-14T23:42:13Z"}
{"level":"info","message":"heartbeat tick","service":"go-monitor-demo","uptime_sec":2550,"ts":"2026-05-14T23:42:23Z"}
{"level":"info","message":"heartbeat tick","service":"go-monitor-demo","uptime_sec":2560,"ts":"2026-05-14T23:42:37Z"}
{"level":"info","message":"heartbeat tick","service":"go-monitor-demo","uptime_sec":2570,"ts":"2026-05-14T23:42:47Z"}
{"level":"info","message":"heartbeat tick","service":"go-monitor-demo","uptime_sec":2580,"ts":"2026-05-14T23:42:57Z"}
{"level":"info","message":"heartbeat tick","service":"go-monitor-demo","uptime_sec":2590,"ts":"2026-05-14T23:43:07Z"}
{"level":"info","message":"heartbeat tick","service":"go-monitor-demo","uptime_sec":2600,"ts":"2026-05-14T23:43:17Z"}
{"level":"info","message":"heartbeat tick","service":"go-monitor-demo","uptime_sec":2610,"ts":"2026-05-14T23:43:30Z"}
{"level":"info","message":"heartbeat tick","service":"go-monitor-demo","uptime_sec":2620,"ts":"2026-05-14T23:43:40Z"}
{"level":"info","message":"heartbeat tick","service":"go-monitor-demo","uptime_sec":2630,"ts":"2026-05-14T23:43:50Z"}
{"level":"info","message":"heartbeat tick","service":"go-monitor-demo","uptime_sec":2640,"ts":"2026-05-14T23:44:00Z"}
{"level":"info","message":"heartbeat tick","service":"go-monitor-demo","uptime_sec":2650,"ts":"2026-05-14T23:44:10Z"}
{"level":"info","message":"heartbeat tick","service":"go-monitor-demo","uptime_sec":2660,"ts":"2026-05-14T23:44:24Z"}
{"level":"info","message":"heartbeat tick","service":"go-monitor-demo","uptime_sec":2670,"ts":"2026-05-14T23:44:34Z"}
{"level":"info","message":"heartbeat tick","service":"go-monitor-demo","uptime_sec":2680,"ts":"2026-05-14T23:44:44Z"}
{"level":"info","message":"heartbeat tick","service":"go-monitor-demo","uptime_sec":2690,"ts":"2026-05-14T23:44:55Z"}
{"level":"info","message":"heartbeat tick","service":"go-monitor-demo","uptime_sec":2700,"ts":"2026-05-14T23:45:05Z"}
{"level":"info","message":"heartbeat tick","service":"go-monitor-demo","uptime_sec":2710,"ts":"2026-05-14T23:45:15Z"}
{"level":"info","message":"heartbeat tick","service":"go-monitor-demo","uptime_sec":2720,"ts":"2026-05-14T23:45:25Z"}
{"level":"info","message":"heartbeat tick","service":"go-monitor-demo","uptime_sec":2730,"ts":"2026-05-14T23:45:35Z"}
{"level":"info","message":"heartbeat tick","service":"go-monitor-demo","uptime_sec":2740,"ts":"2026-05-14T23:45:50Z"}
{"level":"info","message":"heartbeat tick","service":"go-monitor-demo","uptime_sec":2750,"ts":"2026-05-14T23:46:00Z"}
{"level":"info","message":"heartbeat tick","service":"go-monitor-demo","uptime_sec":2760,"ts":"2026-05-14T23:46:10Z"}
{"level":"info","message":"heartbeat tick","service":"go-monitor-demo","uptime_sec":2770,"ts":"2026-05-14T23:46:22Z"}
{"level":"info","message":"heartbeat tick","service":"go-monitor-demo","uptime_sec":2780,"ts":"2026-05-14T23:46:32Z"}
{"level":"info","message":"heartbeat tick","service":"go-monitor-demo","uptime_sec":2790,"ts":"2026-05-14T23:46:42Z"}
{"level":"info","message":"heartbeat tick","service":"go-monitor-demo","uptime_sec":2800,"ts":"2026-05-14T23:46:52Z"}
{"level":"info","message":"heartbeat tick","service":"go-monitor-demo","uptime_sec":2810,"ts":"2026-05-14T23:47:02Z"}
{"level":"info","message":"heartbeat tick","service":"go-monitor-demo","uptime_sec":2820,"ts":"2026-05-14T23:47:12Z"}
{"level":"info","message":"heartbeat tick","service":"go-monitor-demo","uptime_sec":2830,"ts":"2026-05-14T23:47:22Z"}
{"level":"info","message":"heartbeat tick","service":"go-monitor-demo","uptime_sec":2840,"ts":"2026-05-14T23:47:32Z"}
{"level":"info","message":"heartbeat tick","service":"go-monitor-demo","uptime_sec":2850,"ts":"2026-05-14T23:47:47Z"}
{"level":"info","message":"heartbeat tick","service":"go-monitor-demo","uptime_sec":2860,"ts":"2026-05-14T23:47:57Z"}
{"level":"info","message":"heartbeat tick","service":"go-monitor-demo","uptime_sec":2870,"ts":"2026-05-14T23:48:07Z"}
{"level":"info","message":"heartbeat tick","service":"go-monitor-demo","uptime_sec":2880,"ts":"2026-05-14T23:48:17Z"}
{"level":"info","message":"heartbeat tick","service":"go-monitor-demo","uptime_sec":2890,"ts":"2026-05-14T23:48:27Z"}
{"level":"info","message":"heartbeat tick","service":"go-monitor-demo","uptime_sec":2900,"ts":"2026-05-14T23:48:37Z"}
{"level":"info","message":"heartbeat tick","service":"go-monitor-demo","uptime_sec":2910,"ts":"2026-05-14T23:48:47Z"}
{"level":"info","message":"heartbeat tick","service":"go-monitor-demo","uptime_sec":2920,"ts":"2026-05-14T23:48:57Z"}
{"level":"info","message":"heartbeat tick","service":"go-monitor-demo","uptime_sec":2930,"ts":"2026-05-14T23:49:10Z"}
{"level":"info","message":"heartbeat tick","service":"go-monitor-demo","uptime_sec":2940,"ts":"2026-05-14T23:49:20Z"}
{"level":"info","message":"heartbeat tick","service":"go-monitor-demo","uptime_sec":2950,"ts":"2026-05-14T23:49:30Z"}
{"level":"info","message":"heartbeat tick","service":"go-monitor-demo","uptime_sec":2960,"ts":"2026-05-14T23:49:43Z"}
{"level":"info","message":"heartbeat tick","service":"go-monitor-demo","uptime_sec":2970,"ts":"2026-05-14T23:49:53Z"}
{"level":"info","message":"heartbeat tick","service":"go-monitor-demo","uptime_sec":2980,"ts":"2026-05-14T23:50:03Z"}
{"level":"info","message":"heartbeat tick","service":"go-monitor-demo","uptime_sec":2990,"ts":"2026-05-14T23:50:16Z"}
{"level":"info","message":"heartbeat tick","service":"go-monitor-demo","uptime_sec":3000,"ts":"2026-05-14T23:50:26Z"}
{"level":"info","message":"heartbeat tick","service":"go-monitor-demo","uptime_sec":3010,"ts":"2026-05-14T23:50:36Z"}
{"level":"info","message":"heartbeat tick","service":"go-monitor-demo","uptime_sec":3020,"ts":"2026-05-14T23:50:46Z"}
{"level":"info","message":"heartbeat tick","service":"go-monitor-demo","uptime_sec":3030,"ts":"2026-05-14T23:50:56Z"}
{"level":"info","message":"heartbeat tick","service":"go-monitor-demo","uptime_sec":3040,"ts":"2026-05-14T23:51:10Z"}
{"level":"info","message":"heartbeat tick","service":"go-monitor-demo","uptime_sec":3050,"ts":"2026-05-14T23:51:20Z"}
{"level":"info","message":"heartbeat tick","service":"go-monitor-demo","uptime_sec":3060,"ts":"2026-05-14T23:51:30Z"}
{"level":"info","message":"heartbeat tick","service":"go-monitor-demo","uptime_sec":3070,"ts":"2026-05-14T23:51:40Z"}
{"level":"info","message":"heartbeat tick","service":"go-monitor-demo","uptime_sec":3080,"ts":"2026-05-14T23:51:50Z"}
{"level":"info","message":"heartbeat tick","service":"go-monitor-demo","uptime_sec":3090,"ts":"2026-05-14T23:52:00Z"}
{"level":"info","message":"heartbeat tick","service":"go-monitor-demo","uptime_sec":3100,"ts":"2026-05-14T23:52:10Z"}
{"level":"info","message":"heartbeat tick","service":"go-monitor-demo","uptime_sec":3110,"ts":"2026-05-14T23:52:22Z"}
{"level":"info","message":"heartbeat tick","service":"go-monitor-demo","uptime_sec":3120,"ts":"2026-05-14T23:52:32Z"}
{"level":"info","message":"heartbeat tick","service":"go-monitor-demo","uptime_sec":3130,"ts":"2026-05-14T23:52:42Z"}
{"level":"info","message":"heartbeat tick","service":"go-monitor-demo","uptime_sec":3140,"ts":"2026-05-14T23:52:52Z"}
{"level":"info","message":"heartbeat tick","service":"go-monitor-demo","uptime_sec":3150,"ts":"2026-05-14T23:53:06Z"}
{"level":"info","message":"heartbeat tick","service":"go-monitor-demo","uptime_sec":3160,"ts":"2026-05-14T23:53:16Z"}
{"level":"info","message":"heartbeat tick","service":"go-monitor-demo","uptime_sec":3170,"ts":"2026-05-14T23:53:26Z"}
{"level":"info","message":"heartbeat tick","service":"go-monitor-demo","uptime_sec":3180,"ts":"2026-05-14T23:53:36Z"}
{"level":"info","message":"heartbeat tick","service":"go-monitor-demo","uptime_sec":3190,"ts":"2026-05-14T23:53:49Z"}
{"level":"info","message":"heartbeat tick","service":"go-monitor-demo","uptime_sec":3200,"ts":"2026-05-14T23:53:59Z"}
{"level":"info","message":"heartbeat tick","service":"go-monitor-demo","uptime_sec":3210,"ts":"2026-05-14T23:54:09Z"}
{"level":"info","message":"heartbeat tick","service":"go-monitor-demo","uptime_sec":3220,"ts":"2026-05-14T23:54:22Z"}
{"level":"info","message":"heartbeat tick","service":"go-monitor-demo","uptime_sec":3230,"ts":"2026-05-14T23:54:32Z"}
{"level":"info","message":"heartbeat tick","service":"go-monitor-demo","uptime_sec":3240,"ts":"2026-05-14T23:54:42Z"}
{"level":"info","message":"heartbeat tick","service":"go-monitor-demo","uptime_sec":3250,"ts":"2026-05-14T23:54:55Z"}
{"level":"info","message":"heartbeat tick","service":"go-monitor-demo","uptime_sec":3260,"ts":"2026-05-14T23:55:05Z"}
{"level":"info","message":"heartbeat tick","service":"go-monitor-demo","uptime_sec":3270,"ts":"2026-05-14T23:55:15Z"}
{"level":"info","message":"heartbeat tick","service":"go-monitor-demo","uptime_sec":3280,"ts":"2026-05-14T23:55:25Z"}
{"level":"info","message":"heartbeat tick","service":"go-monitor-demo","uptime_sec":3290,"ts":"2026-05-14T23:55:35Z"}
{"level":"info","message":"heartbeat tick","service":"go-monitor-demo","uptime_sec":3300,"ts":"2026-05-14T23:55:45Z"}
{"level":"info","message":"heartbeat tick","service":"go-monitor-demo","uptime_sec":3310,"ts":"2026-05-14T23:55:55Z"}
{"level":"info","message":"heartbeat tick","service":"go-monitor-demo","uptime_sec":3320,"ts":"2026-05-14T23:56:05Z"}
{"level":"info","message":"heartbeat tick","service":"go-monitor-demo","uptime_sec":3330,"ts":"2026-05-14T23:56:15Z"}
{"level":"info","message":"heartbeat tick","service":"go-monitor-demo","uptime_sec":3340,"ts":"2026-05-14T23:56:25Z"}
{"level":"info","message":"heartbeat tick","service":"go-monitor-demo","uptime_sec":3350,"ts":"2026-05-14T23:56:35Z"}
{"level":"info","message":"heartbeat tick","service":"go-monitor-demo","uptime_sec":3360,"ts":"2026-05-14T23:56:45Z"}
{"level":"info","message":"heartbeat tick","service":"go-monitor-demo","uptime_sec":3370,"ts":"2026-05-14T23:56:55Z"}
{"level":"info","message":"heartbeat tick","service":"go-monitor-demo","uptime_sec":3380,"ts":"2026-05-14T23:57:05Z"}
{"level":"info","message":"heartbeat tick","service":"go-monitor-demo","uptime_sec":3390,"ts":"2026-05-14T23:57:15Z"}
{"level":"info","message":"heartbeat tick","service":"go-monitor-demo","uptime_sec":3400,"ts":"2026-05-14T23:57:25Z"}
{"level":"info","message":"heartbeat tick","service":"go-monitor-demo","uptime_sec":3410,"ts":"2026-05-14T23:57:35Z"}
{"level":"info","message":"heartbeat tick","service":"go-monitor-demo","uptime_sec":3420,"ts":"2026-05-14T23:57:45Z"}
{"level":"info","message":"heartbeat tick","service":"go-monitor-demo","uptime_sec":3430,"ts":"2026-05-14T23:57:55Z"}
{"level":"info","message":"heartbeat tick","service":"go-monitor-demo","uptime_sec":3440,"ts":"2026-05-14T23:58:05Z"}
{"level":"info","message":"heartbeat tick","service":"go-monitor-demo","uptime_sec":3450,"ts":"2026-05-14T23:58:15Z"}
{"level":"info","message":"heartbeat tick","service":"go-monitor-demo","uptime_sec":3460,"ts":"2026-05-14T23:58:25Z"}
{"level":"info","message":"heartbeat tick","service":"go-monitor-demo","uptime_sec":3470,"ts":"2026-05-14T23:58:40Z"}
{"level":"info","message":"heartbeat tick","service":"go-monitor-demo","uptime_sec":3480,"ts":"2026-05-14T23:58:50Z"}
{"level":"info","message":"heartbeat tick","service":"go-monitor-demo","uptime_sec":3490,"ts":"2026-05-14T23:59:00Z"}
{"level":"info","message":"heartbeat tick","service":"go-monitor-demo","uptime_sec":3500,"ts":"2026-05-14T23:59:10Z"}
{"level":"info","message":"heartbeat tick","service":"go-monitor-demo","uptime_sec":3510,"ts":"2026-05-14T23:59:20Z"}
{"level":"info","message":"heartbeat tick","service":"go-monitor-demo","uptime_sec":3520,"ts":"2026-05-14T23:59:30Z"}
{"level":"info","message":"heartbeat tick","service":"go-monitor-demo","uptime_sec":3530,"ts":"2026-05-14T23:59:43Z"}
{"level":"info","message":"heartbeat tick","service":"go-monitor-demo","uptime_sec":3540,"ts":"2026-05-14T23:59:53Z"}
{"level":"info","message":"heartbeat tick","service":"go-monitor-demo","uptime_sec":3550,"ts":"2026-05-15T00:00:03Z"}
{"level":"info","message":"heartbeat tick","service":"go-monitor-demo","uptime_sec":3560,"ts":"2026-05-15T00:00:13Z"}
{"level":"info","message":"heartbeat tick","service":"go-monitor-demo","uptime_sec":3570,"ts":"2026-05-15T00:00:23Z"}
{"level":"info","message":"heartbeat tick","service":"go-monitor-demo","uptime_sec":3580,"ts":"2026-05-15T00:00:37Z"}
{"level":"info","message":"heartbeat tick","service":"go-monitor-demo","uptime_sec":3590,"ts":"2026-05-15T00:00:47Z"}
{"level":"info","message":"heartbeat tick","service":"go-monitor-demo","uptime_sec":3600,"ts":"2026-05-15T00:00:57Z"}
{"level":"info","message":"heartbeat tick","service":"go-monitor-demo","uptime_sec":3610,"ts":"2026-05-15T00:01:09Z"}
{"level":"info","message":"heartbeat tick","service":"go-monitor-demo","uptime_sec":3620,"ts":"2026-05-15T00:01:19Z"}
{"level":"info","message":"heartbeat tick","service":"go-monitor-demo","uptime_sec":3630,"ts":"2026-05-15T00:01:29Z"}
{"level":"info","message":"heartbeat tick","service":"go-monitor-demo","uptime_sec":3640,"ts":"2026-05-15T00:01:42Z"}
{"level":"info","message":"heartbeat tick","service":"go-monitor-demo","uptime_sec":3650,"ts":"2026-05-15T00:01:52Z"}
{"level":"info","message":"heartbeat tick","service":"go-monitor-demo","uptime_sec":3660,"ts":"2026-05-15T00:02:02Z"}
{"level":"info","message":"heartbeat tick","service":"go-monitor-demo","uptime_sec":3670,"ts":"2026-05-15T00:02:12Z"}
{"level":"info","message":"heartbeat tick","service":"go-monitor-demo","uptime_sec":3680,"ts":"2026-05-15T00:02:22Z"}
{"level":"info","message":"heartbeat tick","service":"go-monitor-demo","uptime_sec":3690,"ts":"2026-05-15T00:02:36Z"}
{"level":"info","message":"heartbeat tick","service":"go-monitor-demo","uptime_sec":3700,"ts":"2026-05-15T00:02:46Z"}
{"level":"info","message":"heartbeat tick","service":"go-monitor-demo","uptime_sec":3710,"ts":"2026-05-15T00:02:56Z"}
{"level":"info","message":"heartbeat tick","service":"go-monitor-demo","uptime_sec":3720,"ts":"2026-05-15T00:03:06Z"}
{"level":"info","message":"heartbeat tick","service":"go-monitor-demo","uptime_sec":3730,"ts":"2026-05-15T00:03:16Z"}
{"level":"info","message":"heartbeat tick","service":"go-monitor-demo","uptime_sec":3740,"ts":"2026-05-15T00:03:28Z"}
{"level":"info","message":"heartbeat tick","service":"go-monitor-demo","uptime_sec":3750,"ts":"2026-05-15T00:03:38Z"}
{"level":"info","message":"heartbeat tick","service":"go-monitor-demo","uptime_sec":3760,"ts":"2026-05-15T00:03:48Z"}
{"level":"info","message":"heartbeat tick","service":"go-monitor-demo","uptime_sec":3770,"ts":"2026-05-15T00:03:58Z"}
{"level":"info","message":"heartbeat tick","service":"go-monitor-demo","uptime_sec":3780,"ts":"2026-05-15T00:04:08Z"}
{"level":"info","message":"heartbeat tick","service":"go-monitor-demo","uptime_sec":3790,"ts":"2026-05-15T00:04:22Z"}
{"level":"info","message":"heartbeat tick","service":"go-monitor-demo","uptime_sec":3800,"ts":"2026-05-15T00:04:32Z"}
{"level":"info","message":"heartbeat tick","service":"go-monitor-demo","uptime_sec":3810,"ts":"2026-05-15T00:04:42Z"}
{"level":"info","message":"heartbeat tick","service":"go-monitor-demo","uptime_sec":3820,"ts":"2026-05-15T00:04:55Z"}
{"level":"info","message":"heartbeat tick","service":"go-monitor-demo","uptime_sec":3830,"ts":"2026-05-15T00:05:05Z"}
{"level":"info","message":"heartbeat tick","service":"go-monitor-demo","uptime_sec":3840,"ts":"2026-05-15T00:05:15Z"}
{"level":"info","message":"heartbeat tick","service":"go-monitor-demo","uptime_sec":3850,"ts":"2026-05-15T00:05:25Z"}
{"level":"info","message":"heartbeat tick","service":"go-monitor-demo","uptime_sec":3860,"ts":"2026-05-15T00:05:35Z"}
{"level":"info","message":"heartbeat tick","service":"go-monitor-demo","uptime_sec":3870,"ts":"2026-05-15T00:05:45Z"}
{"level":"info","message":"heartbeat tick","service":"go-monitor-demo","uptime_sec":3880,"ts":"2026-05-15T00:05:55Z"}
{"level":"info","message":"heartbeat tick","service":"go-monitor-demo","uptime_sec":3890,"ts":"2026-05-15T00:06:05Z"}
{"level":"info","message":"heartbeat tick","service":"go-monitor-demo","uptime_sec":3900,"ts":"2026-05-15T00:06:15Z"}
{"level":"info","message":"heartbeat tick","service":"go-monitor-demo","uptime_sec":3910,"ts":"2026-05-15T00:06:30Z"}
{"level":"info","message":"heartbeat tick","service":"go-monitor-demo","uptime_sec":3920,"ts":"2026-05-15T00:06:40Z"}
{"level":"info","message":"heartbeat tick","service":"go-monitor-demo","uptime_sec":3930,"ts":"2026-05-15T00:06:50Z"}
{"level":"info","message":"heartbeat tick","service":"go-monitor-demo","uptime_sec":3940,"ts":"2026-05-15T00:07:01Z"}
{"level":"info","message":"heartbeat tick","service":"go-monitor-demo","uptime_sec":3950,"ts":"2026-05-15T00:07:11Z"}
{"level":"info","message":"heartbeat tick","service":"go-monitor-demo","uptime_sec":3960,"ts":"2026-05-15T00:07:21Z"}
{"level":"info","message":"heartbeat tick","service":"go-monitor-demo","uptime_sec":3970,"ts":"2026-05-15T00:07:31Z"}
{"level":"info","message":"heartbeat tick","service":"go-monitor-demo","uptime_sec":3980,"ts":"2026-05-15T00:07:41Z"}
{"level":"info","message":"heartbeat tick","service":"go-monitor-demo","uptime_sec":3990,"ts":"2026-05-15T00:07:51Z"}
{"level":"info","message":"heartbeat tick","service":"go-monitor-demo","uptime_sec":4000,"ts":"2026-05-15T00:08:01Z"}
{"level":"info","message":"heartbeat tick","service":"go-monitor-demo","uptime_sec":4010,"ts":"2026-05-15T00:08:16Z"}
{"level":"info","message":"heartbeat tick","service":"go-monitor-demo","uptime_sec":4020,"ts":"2026-05-15T00:08:26Z"}
{"level":"info","message":"heartbeat tick","service":"go-monitor-demo","uptime_sec":4030,"ts":"2026-05-15T00:08:36Z"}
{"level":"info","message":"heartbeat tick","service":"go-monitor-demo","uptime_sec":4040,"ts":"2026-05-15T00:08:46Z"}
{"level":"info","message":"heartbeat tick","service":"go-monitor-demo","uptime_sec":4050,"ts":"2026-05-15T00:08:56Z"}
{"level":"info","message":"heartbeat tick","service":"go-monitor-demo","uptime_sec":4060,"ts":"2026-05-15T00:09:06Z"}
{"level":"info","message":"heartbeat tick","service":"go-monitor-demo","uptime_sec":4070,"ts":"2026-05-15T00:09:16Z"}
{"level":"info","message":"heartbeat tick","service":"go-monitor-demo","uptime_sec":4080,"ts":"2026-05-15T00:09:26Z"}
{"level":"info","message":"heartbeat tick","service":"go-monitor-demo","uptime_sec":4090,"ts":"2026-05-15T00:09:36Z"}
{"level":"info","message":"heartbeat tick","service":"go-monitor-demo","uptime_sec":4100,"ts":"2026-05-15T00:09:46Z"}
{"level":"info","message":"heartbeat tick","service":"go-monitor-demo","uptime_sec":4110,"ts":"2026-05-15T00:09:56Z"}
{"level":"info","message":"heartbeat tick","service":"go-monitor-demo","uptime_sec":4120,"ts":"2026-05-15T00:10:06Z"}
{"level":"info","message":"heartbeat tick","service":"go-monitor-demo","uptime_sec":4130,"ts":"2026-05-15T00:10:21Z"}
{"level":"info","message":"heartbeat tick","service":"go-monitor-demo","uptime_sec":4140,"ts":"2026-05-15T00:10:31Z"}
{"level":"info","message":"heartbeat tick","service":"go-monitor-demo","uptime_sec":4150,"ts":"2026-05-15T00:10:41Z"}
{"level":"info","message":"heartbeat tick","service":"go-monitor-demo","uptime_sec":4160,"ts":"2026-05-15T00:10:51Z"}
{"level":"info","message":"heartbeat tick","service":"go-monitor-demo","uptime_sec":4170,"ts":"2026-05-15T00:11:01Z"}
{"level":"info","message":"heartbeat tick","service":"go-monitor-demo","uptime_sec":4180,"ts":"2026-05-15T00:11:11Z"}
{"level":"info","message":"heartbeat tick","service":"go-monitor-demo","uptime_sec":4190,"ts":"2026-05-15T00:11:21Z"}
{"level":"info","message":"heartbeat tick","service":"go-monitor-demo","uptime_sec":4200,"ts":"2026-05-15T00:11:33Z"}
{"level":"info","message":"heartbeat tick","service":"go-monitor-demo","uptime_sec":4210,"ts":"2026-05-15T00:11:43Z"}
{"level":"info","message":"heartbeat tick","service":"go-monitor-demo","uptime_sec":4220,"ts":"2026-05-15T00:11:53Z"}
{"level":"info","message":"heartbeat tick","service":"go-monitor-demo","uptime_sec":4230,"ts":"2026-05-15T00:12:03Z"}
{"level":"info","message":"heartbeat tick","service":"go-monitor-demo","uptime_sec":4240,"ts":"2026-05-15T00:12:13Z"}
{"level":"info","message":"heartbeat tick","service":"go-monitor-demo","uptime_sec":4250,"ts":"2026-05-15T00:12:23Z"}
{"level":"info","message":"heartbeat tick","service":"go-monitor-demo","uptime_sec":4260,"ts":"2026-05-15T00:12:33Z"}
{"level":"info","message":"heartbeat tick","service":"go-monitor-demo","uptime_sec":4270,"ts":"2026-05-15T00:12:48Z"}
{"level":"info","message":"heartbeat tick","service":"go-monitor-demo","uptime_sec":4280,"ts":"2026-05-15T00:12:58Z"}
{"level":"info","message":"heartbeat tick","service":"go-monitor-demo","uptime_sec":4290,"ts":"2026-05-15T00:13:08Z"}
{"level":"info","message":"heartbeat tick","service":"go-monitor-demo","uptime_sec":4300,"ts":"2026-05-15T00:13:18Z"}
{"level":"info","message":"heartbeat tick","service":"go-monitor-demo","uptime_sec":4310,"ts":"2026-05-15T00:13:28Z"}
{"level":"info","message":"heartbeat tick","service":"go-monitor-demo","uptime_sec":4320,"ts":"2026-05-15T00:13:41Z"}
{"level":"info","message":"heartbeat tick","service":"go-monitor-demo","uptime_sec":4330,"ts":"2026-05-15T00:13:51Z"}
{"level":"info","message":"heartbeat tick","service":"go-monitor-demo","uptime_sec":4340,"ts":"2026-05-15T00:14:01Z"}
{"level":"info","message":"heartbeat tick","service":"go-monitor-demo","uptime_sec":4350,"ts":"2026-05-15T00:14:11Z"}
{"level":"info","message":"heartbeat tick","service":"go-monitor-demo","uptime_sec":4360,"ts":"2026-05-15T00:14:21Z"}
{"level":"info","message":"heartbeat tick","service":"go-monitor-demo","uptime_sec":4370,"ts":"2026-05-15T00:14:31Z"}
{"level":"info","message":"heartbeat tick","service":"go-monitor-demo","uptime_sec":4380,"ts":"2026-05-15T00:14:41Z"}
{"level":"info","message":"heartbeat tick","service":"go-monitor-demo","uptime_sec":4390,"ts":"2026-05-15T00:14:51Z"}
{"level":"info","message":"heartbeat tick","service":"go-monitor-demo","uptime_sec":4400,"ts":"2026-05-15T00:15:01Z"}
{"level":"info","message":"heartbeat tick","service":"go-monitor-demo","uptime_sec":4410,"ts":"2026-05-15T00:15:11Z"}
{"level":"info","message":"heartbeat tick","service":"go-monitor-demo","uptime_sec":4420,"ts":"2026-05-15T00:15:21Z"}
{"level":"info","message":"heartbeat tick","service":"go-monitor-demo","uptime_sec":4430,"ts":"2026-05-15T00:15:31Z"}
{"level":"info","message":"heartbeat tick","service":"go-monitor-demo","uptime_sec":4440,"ts":"2026-05-15T00:15:46Z"}
{"level":"info","message":"heartbeat tick","service":"go-monitor-demo","uptime_sec":4450,"ts":"2026-05-15T00:15:56Z"}
{"level":"info","message":"heartbeat tick","service":"go-monitor-demo","uptime_sec":4460,"ts":"2026-05-15T00:16:06Z"}
{"level":"info","message":"heartbeat tick","service":"go-monitor-demo","uptime_sec":4470,"ts":"2026-05-15T00:16:16Z"}
{"level":"info","message":"heartbeat tick","service":"go-monitor-demo","uptime_sec":4480,"ts":"2026-05-15T00:16:26Z"}
{"level":"info","message":"heartbeat tick","service":"go-monitor-demo","uptime_sec":4490,"ts":"2026-05-15T00:16:38Z"}
{"level":"info","message":"heartbeat tick","service":"go-monitor-demo","uptime_sec":4500,"ts":"2026-05-15T00:16:48Z"}
{"level":"info","message":"heartbeat tick","service":"go-monitor-demo","uptime_sec":4510,"ts":"2026-05-15T00:16:58Z"}
{"level":"info","message":"heartbeat tick","service":"go-monitor-demo","uptime_sec":4520,"ts":"2026-05-15T00:17:11Z"}
{"level":"info","message":"heartbeat tick","service":"go-monitor-demo","uptime_sec":4530,"ts":"2026-05-15T00:17:21Z"}
{"level":"info","message":"heartbeat tick","service":"go-monitor-demo","uptime_sec":4540,"ts":"2026-05-15T00:17:31Z"}
{"level":"info","message":"heartbeat tick","service":"go-monitor-demo","uptime_sec":4550,"ts":"2026-05-15T00:17:41Z"}
{"level":"info","message":"heartbeat tick","service":"go-monitor-demo","uptime_sec":4560,"ts":"2026-05-15T00:17:51Z"}
{"level":"info","message":"heartbeat tick","service":"go-monitor-demo","uptime_sec":4570,"ts":"2026-05-15T00:18:06Z"}
{"level":"info","message":"heartbeat tick","service":"go-monitor-demo","uptime_sec":4580,"ts":"2026-05-15T00:18:16Z"}
{"level":"info","message":"heartbeat tick","service":"go-monitor-demo","uptime_sec":4590,"ts":"2026-05-15T00:18:26Z"}
{"level":"info","message":"heartbeat tick","service":"go-monitor-demo","uptime_sec":4600,"ts":"2026-05-15T00:18:36Z"}
{"level":"info","message":"heartbeat tick","service":"go-monitor-demo","uptime_sec":4610,"ts":"2026-05-15T00:18:50Z"}
{"level":"info","message":"heartbeat tick","service":"go-monitor-demo","uptime_sec":4620,"ts":"2026-05-15T00:19:00Z"}
{"level":"info","message":"heartbeat tick","service":"go-monitor-demo","uptime_sec":4630,"ts":"2026-05-15T00:19:10Z"}
{"level":"info","message":"heartbeat tick","service":"go-monitor-demo","uptime_sec":4640,"ts":"2026-05-15T00:19:20Z"}
{"level":"info","message":"heartbeat tick","service":"go-monitor-demo","uptime_sec":4650,"ts":"2026-05-15T00:19:30Z"}
{"level":"info","message":"heartbeat tick","service":"go-monitor-demo","uptime_sec":4660,"ts":"2026-05-15T00:19:40Z"}
{"level":"info","message":"heartbeat tick","service":"go-monitor-demo","uptime_sec":4670,"ts":"2026-05-15T00:19:50Z"}
{"level":"info","message":"heartbeat tick","service":"go-monitor-demo","uptime_sec":4680,"ts":"2026-05-15T00:20:00Z"}
{"level":"info","message":"heartbeat tick","service":"go-monitor-demo","uptime_sec":4690,"ts":"2026-05-15T00:20:15Z"}
{"level":"info","message":"heartbeat tick","service":"go-monitor-demo","uptime_sec":4700,"ts":"2026-05-15T00:20:25Z"}
{"level":"info","message":"heartbeat tick","service":"go-monitor-demo","uptime_sec":4710,"ts":"2026-05-15T00:20:35Z"}
{"level":"info","message":"heartbeat tick","service":"go-monitor-demo","uptime_sec":4720,"ts":"2026-05-15T00:20:47Z"}
{"level":"info","message":"heartbeat tick","service":"go-monitor-demo","uptime_sec":4730,"ts":"2026-05-15T00:20:57Z"}
{"level":"info","message":"heartbeat tick","service":"go-monitor-demo","uptime_sec":4740,"ts":"2026-05-15T00:21:07Z"}
{"level":"info","message":"heartbeat tick","service":"go-monitor-demo","uptime_sec":4750,"ts":"2026-05-15T00:21:17Z"}
{"level":"info","message":"heartbeat tick","service":"go-monitor-demo","uptime_sec":4760,"ts":"2026-05-15T00:21:30Z"}
{"level":"info","message":"heartbeat tick","service":"go-monitor-demo","uptime_sec":4770,"ts":"2026-05-15T00:21:40Z"}
{"level":"info","message":"heartbeat tick","service":"go-monitor-demo","uptime_sec":4780,"ts":"2026-05-15T00:21:50Z"}
{"level":"info","message":"heartbeat tick","service":"go-monitor-demo","uptime_sec":4790,"ts":"2026-05-15T00:22:00Z"}
{"level":"info","message":"heartbeat tick","service":"go-monitor-demo","uptime_sec":4800,"ts":"2026-05-15T00:22:14Z"}
{"level":"info","message":"heartbeat tick","service":"go-monitor-demo","uptime_sec":4810,"ts":"2026-05-15T00:22:24Z"}
{"level":"info","message":"heartbeat tick","service":"go-monitor-demo","uptime_sec":4820,"ts":"2026-05-15T00:22:34Z"}
{"level":"info","message":"heartbeat tick","service":"go-monitor-demo","uptime_sec":4830,"ts":"2026-05-15T00:22:44Z"}
{"level":"info","message":"heartbeat tick","service":"go-monitor-demo","uptime_sec":4840,"ts":"2026-05-15T00:22:57Z"}
{"level":"info","message":"heartbeat tick","service":"go-monitor-demo","uptime_sec":4850,"ts":"2026-05-15T00:23:07Z"}
{"level":"info","message":"heartbeat tick","service":"go-monitor-demo","uptime_sec":4860,"ts":"2026-05-15T00:23:17Z"}
{"level":"info","message":"heartbeat tick","service":"go-monitor-demo","uptime_sec":4870,"ts":"2026-05-15T00:23:30Z"}
{"level":"info","message":"heartbeat tick","service":"go-monitor-demo","uptime_sec":4880,"ts":"2026-05-15T00:23:40Z"}
{"level":"info","message":"heartbeat tick","service":"go-monitor-demo","uptime_sec":4890,"ts":"2026-05-15T00:23:50Z"}
{"level":"info","message":"heartbeat tick","service":"go-monitor-demo","uptime_sec":4900,"ts":"2026-05-15T00:24:00Z"}
{"level":"info","message":"heartbeat tick","service":"go-monitor-demo","uptime_sec":4910,"ts":"2026-05-15T00:24:10Z"}
{"level":"info","message":"heartbeat tick","service":"go-monitor-demo","uptime_sec":4920,"ts":"2026-05-15T00:24:24Z"}
{"level":"info","message":"heartbeat tick","service":"go-monitor-demo","uptime_sec":4930,"ts":"2026-05-15T00:24:34Z"}
{"level":"info","message":"heartbeat tick","service":"go-monitor-demo","uptime_sec":4940,"ts":"2026-05-15T00:24:44Z"}
{"level":"info","message":"heartbeat tick","service":"go-monitor-demo","uptime_sec":4950,"ts":"2026-05-15T00:24:54Z"}
{"level":"info","message":"heartbeat tick","service":"go-monitor-demo","uptime_sec":4960,"ts":"2026-05-15T00:25:07Z"}
{"level":"info","message":"heartbeat tick","service":"go-monitor-demo","uptime_sec":4970,"ts":"2026-05-15T00:25:17Z"}
{"level":"info","message":"heartbeat tick","service":"go-monitor-demo","uptime_sec":4980,"ts":"2026-05-15T00:25:27Z"}
{"level":"info","message":"heartbeat tick","service":"go-monitor-demo","uptime_sec":4990,"ts":"2026-05-15T00:25:37Z"}
{"level":"info","message":"heartbeat tick","service":"go-monitor-demo","uptime_sec":5000,"ts":"2026-05-15T00:25:47Z"}
{"level":"info","message":"heartbeat tick","service":"go-monitor-demo","uptime_sec":5010,"ts":"2026-05-15T00:26:01Z"}
{"level":"info","message":"heartbeat tick","service":"go-monitor-demo","uptime_sec":5020,"ts":"2026-05-15T00:26:11Z"}
{"level":"info","message":"heartbeat tick","service":"go-monitor-demo","uptime_sec":5030,"ts":"2026-05-15T00:26:21Z"}
{"level":"info","message":"heartbeat tick","service":"go-monitor-demo","uptime_sec":5040,"ts":"2026-05-15T00:26:31Z"}
{"level":"info","message":"heartbeat tick","service":"go-monitor-demo","uptime_sec":5050,"ts":"2026-05-15T00:26:41Z"}
{"level":"info","message":"heartbeat tick","service":"go-monitor-demo","uptime_sec":5060,"ts":"2026-05-15T00:26:54Z"}
{"level":"info","message":"heartbeat tick","service":"go-monitor-demo","uptime_sec":5070,"ts":"2026-05-15T00:27:04Z"}
{"level":"info","message":"heartbeat tick","service":"go-monitor-demo","uptime_sec":5080,"ts":"2026-05-15T00:27:14Z"}
{"level":"info","message":"heartbeat tick","service":"go-monitor-demo","uptime_sec":5090,"ts":"2026-05-15T00:27:27Z"}
{"level":"info","message":"heartbeat tick","service":"go-monitor-demo","uptime_sec":5100,"ts":"2026-05-15T00:27:37Z"}
{"level":"info","message":"heartbeat tick","service":"go-monitor-demo","uptime_sec":5110,"ts":"2026-05-15T00:27:47Z"}
{"level":"info","message":"heartbeat tick","service":"go-monitor-demo","uptime_sec":5120,"ts":"2026-05-15T00:27:57Z"}
{"level":"info","message":"heartbeat tick","service":"go-monitor-demo","uptime_sec":5130,"ts":"2026-05-15T00:28:07Z"}
{"level":"info","message":"heartbeat tick","service":"go-monitor-demo","uptime_sec":5140,"ts":"2026-05-15T00:28:21Z"}
{"level":"info","message":"heartbeat tick","service":"go-monitor-demo","uptime_sec":5150,"ts":"2026-05-15T00:28:31Z"}
{"level":"info","message":"heartbeat tick","service":"go-monitor-demo","uptime_sec":5160,"ts":"2026-05-15T00:28:41Z"}
{"level":"info","message":"heartbeat tick","service":"go-monitor-demo","uptime_sec":5170,"ts":"2026-05-15T00:28:51Z"}
{"level":"info","message":"heartbeat tick","service":"go-monitor-demo","uptime_sec":5180,"ts":"2026-05-15T00:29:01Z"}
{"level":"info","message":"heartbeat tick","service":"go-monitor-demo","uptime_sec":5190,"ts":"2026-05-15T00:29:11Z"}
{"level":"info","message":"heartbeat tick","service":"go-monitor-demo","uptime_sec":5200,"ts":"2026-05-15T00:29:21Z"}
{"level":"info","message":"heartbeat tick","service":"go-monitor-demo","uptime_sec":5210,"ts":"2026-05-15T00:29:31Z"}
{"level":"info","message":"heartbeat tick","service":"go-monitor-demo","uptime_sec":5220,"ts":"2026-05-15T00:29:45Z"}
{"level":"info","message":"heartbeat tick","service":"go-monitor-demo","uptime_sec":5230,"ts":"2026-05-15T00:29:55Z"}
{"level":"info","message":"heartbeat tick","service":"go-monitor-demo","uptime_sec":5240,"ts":"2026-05-15T00:30:05Z"}
{"level":"info","message":"heartbeat tick","service":"go-monitor-demo","uptime_sec":5250,"ts":"2026-05-15T00:30:17Z"}
{"level":"info","message":"heartbeat tick","service":"go-monitor-demo","uptime_sec":5260,"ts":"2026-05-15T00:30:27Z"}
{"level":"info","message":"heartbeat tick","service":"go-monitor-demo","uptime_sec":5270,"ts":"2026-05-15T00:30:37Z"}
{"level":"info","message":"heartbeat tick","service":"go-monitor-demo","uptime_sec":5280,"ts":"2026-05-15T00:30:47Z"}
{"level":"info","message":"heartbeat tick","service":"go-monitor-demo","uptime_sec":5290,"ts":"2026-05-15T00:30:57Z"}
{"level":"info","message":"heartbeat tick","service":"go-monitor-demo","uptime_sec":5300,"ts":"2026-05-15T00:31:07Z"}
{"level":"info","message":"heartbeat tick","service":"go-monitor-demo","uptime_sec":5310,"ts":"2026-05-15T00:31:17Z"}
{"level":"info","message":"heartbeat tick","service":"go-monitor-demo","uptime_sec":5320,"ts":"2026-05-15T00:31:27Z"}
{"level":"info","message":"heartbeat tick","service":"go-monitor-demo","uptime_sec":5330,"ts":"2026-05-15T00:31:42Z"}
{"level":"info","message":"heartbeat tick","service":"go-monitor-demo","uptime_sec":5340,"ts":"2026-05-15T00:31:52Z"}
{"level":"info","message":"heartbeat tick","service":"go-monitor-demo","uptime_sec":5350,"ts":"2026-05-15T00:32:02Z"}
{"level":"info","message":"heartbeat tick","service":"go-monitor-demo","uptime_sec":5360,"ts":"2026-05-15T00:32:12Z"}
{"level":"info","message":"heartbeat tick","service":"go-monitor-demo","uptime_sec":5370,"ts":"2026-05-15T00:32:22Z"}
{"level":"info","message":"heartbeat tick","service":"go-monitor-demo","uptime_sec":5380,"ts":"2026-05-15T00:32:32Z"}
{"level":"info","message":"heartbeat tick","service":"go-monitor-demo","uptime_sec":5390,"ts":"2026-05-15T00:32:42Z"}
{"level":"info","message":"heartbeat tick","service":"go-monitor-demo","uptime_sec":5400,"ts":"2026-05-15T00:32:52Z"}
{"level":"info","message":"heartbeat tick","service":"go-monitor-demo","uptime_sec":5410,"ts":"2026-05-15T00:33:02Z"}
{"level":"info","message":"heartbeat tick","service":"go-monitor-demo","uptime_sec":5420,"ts":"2026-05-15T00:33:12Z"}
{"level":"info","message":"heartbeat tick","service":"go-monitor-demo","uptime_sec":5430,"ts":"2026-05-15T00:33:22Z"}
{"level":"info","message":"heartbeat tick","service":"go-monitor-demo","uptime_sec":5440,"ts":"2026-05-15T00:33:32Z"}
{"level":"info","message":"heartbeat tick","service":"go-monitor-demo","uptime_sec":5450,"ts":"2026-05-15T00:33:47Z"}
{"level":"info","message":"shutdown signal received","service":"go-monitor-demo","uptime_sec":5454,"ts":"2026-05-15T00:33:52Z"}
{"level":"info","message":"metrics server starting","service":"go-monitor-demo","ts":"2026-05-15T02:14:58Z"}
{"level":"info","message":"application server starting","service":"go-monitor-demo","ts":"2026-05-15T02:14:58Z"}
{"level":"info","message":"demo metrics loop started","service":"go-monitor-demo","ts":"2026-05-15T02:14:58Z"}
{"level":"info","message":"heartbeat tick","service":"go-monitor-demo","uptime_sec":10,"ts":"2026-05-15T02:15:08Z"}
{"level":"info","message":"heartbeat tick","service":"go-monitor-demo","uptime_sec":20,"ts":"2026-05-15T02:15:21Z"}
{"level":"info","message":"heartbeat tick","service":"go-monitor-demo","uptime_sec":30,"ts":"2026-05-15T02:15:31Z"}
{"level":"info","message":"heartbeat tick","service":"go-monitor-demo","uptime_sec":40,"ts":"2026-05-15T02:15:43Z"}
{"level":"info","message":"heartbeat tick","service":"go-monitor-demo","uptime_sec":50,"ts":"2026-05-15T02:15:53Z"}
{"level":"info","message":"heartbeat tick","service":"go-monitor-demo","uptime_sec":60,"ts":"2026-05-15T02:16:05Z"}
{"level":"info","message":"heartbeat tick","service":"go-monitor-demo","uptime_sec":70,"ts":"2026-05-15T02:16:15Z"}
{"level":"info","message":"heartbeat tick","service":"go-monitor-demo","uptime_sec":80,"ts":"2026-05-15T02:16:25Z"}
{"level":"info","message":"heartbeat tick","service":"go-monitor-demo","uptime_sec":90,"ts":"2026-05-15T02:16:35Z"}
{"level":"info","message":"heartbeat tick","service":"go-monitor-demo","uptime_sec":100,"ts":"2026-05-15T02:16:48Z"}
{"level":"info","message":"heartbeat tick","service":"go-monitor-demo","uptime_sec":110,"ts":"2026-05-15T02:16:58Z"}
{"level":"info","message":"heartbeat tick","service":"go-monitor-demo","uptime_sec":120,"ts":"2026-05-15T02:17:08Z"}
{"level":"info","message":"heartbeat tick","service":"go-monitor-demo","uptime_sec":130,"ts":"2026-05-15T02:17:18Z"}
{"level":"info","message":"heartbeat tick","service":"go-monitor-demo","uptime_sec":140,"ts":"2026-05-15T02:17:31Z"}
{"level":"info","message":"heartbeat tick","service":"go-monitor-demo","uptime_sec":150,"ts":"2026-05-15T02:17:41Z"}
{"level":"info","message":"heartbeat tick","service":"go-monitor-demo","uptime_sec":160,"ts":"2026-05-15T02:17:53Z"}
{"level":"info","message":"heartbeat tick","service":"go-monitor-demo","uptime_sec":170,"ts":"2026-05-15T02:18:03Z"}
{"level":"info","message":"heartbeat tick","service":"go-monitor-demo","uptime_sec":180,"ts":"2026-05-15T02:18:14Z"}
{"level":"info","message":"heartbeat tick","service":"go-monitor-demo","uptime_sec":190,"ts":"2026-05-15T02:18:24Z"}
{"level":"info","message":"heartbeat tick","service":"go-monitor-demo","uptime_sec":200,"ts":"2026-05-15T02:18:34Z"}
{"level":"info","message":"heartbeat tick","service":"go-monitor-demo","uptime_sec":210,"ts":"2026-05-15T02:18:47Z"}
{"level":"info","message":"heartbeat tick","service":"go-monitor-demo","uptime_sec":220,"ts":"2026-05-15T02:18:57Z"}
{"level":"info","message":"heartbeat tick","service":"go-monitor-demo","uptime_sec":230,"ts":"2026-05-15T02:19:09Z"}
{"level":"info","message":"heartbeat tick","service":"go-monitor-demo","uptime_sec":240,"ts":"2026-05-15T02:19:19Z"}
{"level":"info","message":"heartbeat tick","service":"go-monitor-demo","uptime_sec":250,"ts":"2026-05-15T02:19:29Z"}
{"level":"info","message":"heartbeat tick","service":"go-monitor-demo","uptime_sec":260,"ts":"2026-05-15T02:19:39Z"}
{"level":"info","message":"heartbeat tick","service":"go-monitor-demo","uptime_sec":270,"ts":"2026-05-15T02:19:49Z"}
{"level":"info","message":"heartbeat tick","service":"go-monitor-demo","uptime_sec":280,"ts":"2026-05-15T02:20:03Z"}
{"level":"info","message":"heartbeat tick","service":"go-monitor-demo","uptime_sec":290,"ts":"2026-05-15T02:20:13Z"}
{"level":"info","message":"heartbeat tick","service":"go-monitor-demo","uptime_sec":300,"ts":"2026-05-15T02:20:24Z"}
{"level":"info","message":"heartbeat tick","service":"go-monitor-demo","uptime_sec":310,"ts":"2026-05-15T02:20:34Z"}
{"level":"info","message":"heartbeat tick","service":"go-monitor-demo","uptime_sec":320,"ts":"2026-05-15T02:20:44Z"}
{"level":"info","message":"heartbeat tick","service":"go-monitor-demo","uptime_sec":330,"ts":"2026-05-15T02:20:56Z"}
{"level":"info","message":"heartbeat tick","service":"go-monitor-demo","uptime_sec":340,"ts":"2026-05-15T02:21:06Z"}
{"level":"info","message":"heartbeat tick","service":"go-monitor-demo","uptime_sec":350,"ts":"2026-05-15T02:21:16Z"}
{"level":"info","message":"heartbeat tick","service":"go-monitor-demo","uptime_sec":360,"ts":"2026-05-15T02:21:26Z"}
{"level":"info","message":"heartbeat tick","service":"go-monitor-demo","uptime_sec":370,"ts":"2026-05-15T02:21:39Z"}
{"level":"info","message":"heartbeat tick","service":"go-monitor-demo","uptime_sec":380,"ts":"2026-05-15T02:21:50Z"}
{"level":"info","message":"heartbeat tick","service":"go-monitor-demo","uptime_sec":390,"ts":"2026-05-15T02:22:00Z"}
